<?xml version="1.0" encoding="UTF-8"?>
<!-- Generated by org.testng.reporters.JUnitReportReporter -->
<testsuite hostname="DESKTOP-3318C2P" failures="0" tests="1" name="Test_Assgnment" time="2.475" errors="0" timestamp="2023-12-08T01:48:57 IST" skipped="0">
  <testcase classname="Test_Assgnment" name="Assignment" time="2.475"/>
  <system-out/>
</testsuite> <!-- Test_Assgnment -->
